<?xml version="1.0" encoding="UTF-8"?>
<!-- Generated by org.testng.reporters.JUnitReportReporter -->
<testsuite hostname="DESKTOP-JD76U7M" failures="0" tests="1" name="test.TestSel" time="28.988" errors="0" timestamp="2022-03-30T17:20:44 CST" skipped="0">
  <testcase classname="test.TestSel" name="selenium_test01" time="28.988"/>
  <system-out/>
</testsuite> <!-- test.TestSel -->
